2015-10-23 00:36:36 Notice: Strict (2048): Declaration of App\Model\Table\Articlestable::validationDefault() should be compatible with Cake\ORM\Table::validationDefault(Cake\Validation\Validator $validator) in [C:\xampp\htdocs\cake\src\Model\Table\ArticlesTable.php, line 6]
Trace:
Cake\Error\BaseErrorHandler::handleError() - CORE\src\Error\BaseErrorHandler.php, line 138
include - APP/Model\Table\ArticlesTable.php, line 6
Composer\Autoload\includeFile - ROOT\vendor\composer\ClassLoader.php, line 412
Composer\Autoload\ClassLoader::loadClass() - ROOT\vendor\composer\ClassLoader.php, line 301
spl_autoload_call - [internal], line ??
class_exists - [internal], line ??
Cake\Core\App::_classExistsInBase() - CORE\src\Core\App.php, line 87
Cake\Core\App::className() - CORE\src\Core\App.php, line 64
Cake\ORM\Locator\TableLocator::get() - CORE\src\ORM\Locator\TableLocator.php, line 151
Cake\Controller\Controller::loadModel() - CORE\src\Datasource\ModelAwareTrait.php, line 99
Cake\Controller\Controller::__get() - CORE\src\Controller\Controller.php, line 346
App\Controller\ArticlesController::index() - APP/Controller\ArticlesController.php, line 8
Cake\Controller\Controller::invokeAction() - CORE\src\Controller\Controller.php, line 429
Cake\Routing\Dispatcher::_invoke() - CORE\src\Routing\Dispatcher.php, line 114
Cake\Routing\Dispatcher::dispatch() - CORE\src\Routing\Dispatcher.php, line 87
[main] - ROOT\webroot\index.php, line 37



2015-10-23 00:36:54 Notice: Strict (2048): Declaration of App\Model\Table\Articlestable::validationDefault() should be compatible with Cake\ORM\Table::validationDefault(Cake\Validation\Validator $validator) in [C:\xampp\htdocs\cake\src\Model\Table\ArticlesTable.php, line 6]
Trace:
Cake\Error\BaseErrorHandler::handleError() - CORE\src\Error\BaseErrorHandler.php, line 138
include - APP/Model\Table\ArticlesTable.php, line 6
Composer\Autoload\includeFile - ROOT\vendor\composer\ClassLoader.php, line 412
Composer\Autoload\ClassLoader::loadClass() - ROOT\vendor\composer\ClassLoader.php, line 301
spl_autoload_call - [internal], line ??
class_exists - [internal], line ??
Cake\Core\App::_classExistsInBase() - CORE\src\Core\App.php, line 87
Cake\Core\App::className() - CORE\src\Core\App.php, line 64
Cake\ORM\Locator\TableLocator::get() - CORE\src\ORM\Locator\TableLocator.php, line 151
Cake\Controller\Controller::loadModel() - CORE\src\Datasource\ModelAwareTrait.php, line 99
Cake\Controller\Controller::__get() - CORE\src\Controller\Controller.php, line 346
App\Controller\ArticlesController::view() - APP/Controller\ArticlesController.php, line 20
Cake\Controller\Controller::invokeAction() - CORE\src\Controller\Controller.php, line 429
Cake\Routing\Dispatcher::_invoke() - CORE\src\Routing\Dispatcher.php, line 114
Cake\Routing\Dispatcher::dispatch() - CORE\src\Routing\Dispatcher.php, line 87
[main] - ROOT\webroot\index.php, line 37



2015-10-23 00:37:11 Notice: Strict (2048): Declaration of App\Model\Table\Articlestable::validationDefault() should be compatible with Cake\ORM\Table::validationDefault(Cake\Validation\Validator $validator) in [C:\xampp\htdocs\cake\src\Model\Table\ArticlesTable.php, line 6]
Trace:
Cake\Error\BaseErrorHandler::handleError() - CORE\src\Error\BaseErrorHandler.php, line 138
include - APP/Model\Table\ArticlesTable.php, line 6
Composer\Autoload\includeFile - ROOT\vendor\composer\ClassLoader.php, line 412
Composer\Autoload\ClassLoader::loadClass() - ROOT\vendor\composer\ClassLoader.php, line 301
spl_autoload_call - [internal], line ??
class_exists - [internal], line ??
Cake\Core\App::_classExistsInBase() - CORE\src\Core\App.php, line 87
Cake\Core\App::className() - CORE\src\Core\App.php, line 64
Cake\ORM\Locator\TableLocator::get() - CORE\src\ORM\Locator\TableLocator.php, line 151
Cake\Controller\Controller::loadModel() - CORE\src\Datasource\ModelAwareTrait.php, line 99
Cake\Controller\Controller::__get() - CORE\src\Controller\Controller.php, line 346
App\Controller\ArticlesController::view() - APP/Controller\ArticlesController.php, line 20
Cake\Controller\Controller::invokeAction() - CORE\src\Controller\Controller.php, line 429
Cake\Routing\Dispatcher::_invoke() - CORE\src\Routing\Dispatcher.php, line 114
Cake\Routing\Dispatcher::dispatch() - CORE\src\Routing\Dispatcher.php, line 87
[main] - ROOT\webroot\index.php, line 37



2015-10-29 18:57:29 Notice: Notice (8): Undefined variable: articles in [C:\xampp\htdocs\cake\src\Template\Users\index.ctp, line 12]
Trace:
Cake\Error\BaseErrorHandler::handleError() - CORE\src\Error\BaseErrorHandler.php, line 138
include - APP/Template\Users\index.ctp, line 12
Cake\View\View::_evaluate() - CORE\src\View\View.php, line 970
Cake\View\View::_render() - CORE\src\View\View.php, line 930
Cake\View\View::render() - CORE\src\View\View.php, line 578
Cake\Controller\Controller::render() - CORE\src\Controller\Controller.php, line 611
Cake\Routing\Dispatcher::_invoke() - CORE\src\Routing\Dispatcher.php, line 120
Cake\Routing\Dispatcher::dispatch() - CORE\src\Routing\Dispatcher.php, line 87
[main] - ROOT\webroot\index.php, line 37



2015-11-12 20:33:28 Notice: Notice (8): Trying to get property of non-object in [C:\xampp\htdocs\cake\src\Template\Articles\index.ctp, line 21]
Trace:
Cake\Error\BaseErrorHandler::handleError() - CORE\src\Error\BaseErrorHandler.php, line 138
include - APP/Template\Articles\index.ctp, line 21
Cake\View\View::_evaluate() - CORE\src\View\View.php, line 970
Cake\View\View::_render() - CORE\src\View\View.php, line 930
Cake\View\View::render() - CORE\src\View\View.php, line 578
Cake\Controller\Controller::render() - CORE\src\Controller\Controller.php, line 611
Cake\Routing\Dispatcher::_invoke() - CORE\src\Routing\Dispatcher.php, line 120
Cake\Routing\Dispatcher::dispatch() - CORE\src\Routing\Dispatcher.php, line 87
[main] - ROOT\webroot\index.php, line 37



2015-11-12 20:33:28 Notice: Notice (8): Trying to get property of non-object in [C:\xampp\htdocs\cake\src\Template\Articles\index.ctp, line 21]
Trace:
Cake\Error\BaseErrorHandler::handleError() - CORE\src\Error\BaseErrorHandler.php, line 138
include - APP/Template\Articles\index.ctp, line 21
Cake\View\View::_evaluate() - CORE\src\View\View.php, line 970
Cake\View\View::_render() - CORE\src\View\View.php, line 930
Cake\View\View::render() - CORE\src\View\View.php, line 578
Cake\Controller\Controller::render() - CORE\src\Controller\Controller.php, line 611
Cake\Routing\Dispatcher::_invoke() - CORE\src\Routing\Dispatcher.php, line 120
Cake\Routing\Dispatcher::dispatch() - CORE\src\Routing\Dispatcher.php, line 87
[main] - ROOT\webroot\index.php, line 37



2015-11-12 20:33:28 Notice: Notice (8): Trying to get property of non-object in [C:\xampp\htdocs\cake\src\Template\Articles\index.ctp, line 21]
Trace:
Cake\Error\BaseErrorHandler::handleError() - CORE\src\Error\BaseErrorHandler.php, line 138
include - APP/Template\Articles\index.ctp, line 21
Cake\View\View::_evaluate() - CORE\src\View\View.php, line 970
Cake\View\View::_render() - CORE\src\View\View.php, line 930
Cake\View\View::render() - CORE\src\View\View.php, line 578
Cake\Controller\Controller::render() - CORE\src\Controller\Controller.php, line 611
Cake\Routing\Dispatcher::_invoke() - CORE\src\Routing\Dispatcher.php, line 120
Cake\Routing\Dispatcher::dispatch() - CORE\src\Routing\Dispatcher.php, line 87
[main] - ROOT\webroot\index.php, line 37



2015-11-12 20:33:28 Notice: Notice (8): Trying to get property of non-object in [C:\xampp\htdocs\cake\src\Template\Articles\index.ctp, line 21]
Trace:
Cake\Error\BaseErrorHandler::handleError() - CORE\src\Error\BaseErrorHandler.php, line 138
include - APP/Template\Articles\index.ctp, line 21
Cake\View\View::_evaluate() - CORE\src\View\View.php, line 970
Cake\View\View::_render() - CORE\src\View\View.php, line 930
Cake\View\View::render() - CORE\src\View\View.php, line 578
Cake\Controller\Controller::render() - CORE\src\Controller\Controller.php, line 611
Cake\Routing\Dispatcher::_invoke() - CORE\src\Routing\Dispatcher.php, line 120
Cake\Routing\Dispatcher::dispatch() - CORE\src\Routing\Dispatcher.php, line 87
[main] - ROOT\webroot\index.php, line 37



2015-11-12 20:33:28 Notice: Notice (8): Trying to get property of non-object in [C:\xampp\htdocs\cake\src\Template\Articles\index.ctp, line 21]
Trace:
Cake\Error\BaseErrorHandler::handleError() - CORE\src\Error\BaseErrorHandler.php, line 138
include - APP/Template\Articles\index.ctp, line 21
Cake\View\View::_evaluate() - CORE\src\View\View.php, line 970
Cake\View\View::_render() - CORE\src\View\View.php, line 930
Cake\View\View::render() - CORE\src\View\View.php, line 578
Cake\Controller\Controller::render() - CORE\src\Controller\Controller.php, line 611
Cake\Routing\Dispatcher::_invoke() - CORE\src\Routing\Dispatcher.php, line 120
Cake\Routing\Dispatcher::dispatch() - CORE\src\Routing\Dispatcher.php, line 87
[main] - ROOT\webroot\index.php, line 37



2015-11-12 20:39:41 Notice: Notice (8): Trying to get property of non-object in [C:\xampp\htdocs\cake\src\Template\Articles\index.ctp, line 21]
Trace:
Cake\Error\BaseErrorHandler::handleError() - CORE\src\Error\BaseErrorHandler.php, line 138
include - APP/Template\Articles\index.ctp, line 21
Cake\View\View::_evaluate() - CORE\src\View\View.php, line 970
Cake\View\View::_render() - CORE\src\View\View.php, line 930
Cake\View\View::render() - CORE\src\View\View.php, line 578
Cake\Controller\Controller::render() - CORE\src\Controller\Controller.php, line 611
Cake\Routing\Dispatcher::_invoke() - CORE\src\Routing\Dispatcher.php, line 120
Cake\Routing\Dispatcher::dispatch() - CORE\src\Routing\Dispatcher.php, line 87
[main] - ROOT\webroot\index.php, line 37



2015-11-12 20:39:41 Notice: Notice (8): Trying to get property of non-object in [C:\xampp\htdocs\cake\src\Template\Articles\index.ctp, line 21]
Trace:
Cake\Error\BaseErrorHandler::handleError() - CORE\src\Error\BaseErrorHandler.php, line 138
include - APP/Template\Articles\index.ctp, line 21
Cake\View\View::_evaluate() - CORE\src\View\View.php, line 970
Cake\View\View::_render() - CORE\src\View\View.php, line 930
Cake\View\View::render() - CORE\src\View\View.php, line 578
Cake\Controller\Controller::render() - CORE\src\Controller\Controller.php, line 611
Cake\Routing\Dispatcher::_invoke() - CORE\src\Routing\Dispatcher.php, line 120
Cake\Routing\Dispatcher::dispatch() - CORE\src\Routing\Dispatcher.php, line 87
[main] - ROOT\webroot\index.php, line 37



2015-11-12 20:39:41 Notice: Notice (8): Trying to get property of non-object in [C:\xampp\htdocs\cake\src\Template\Articles\index.ctp, line 21]
Trace:
Cake\Error\BaseErrorHandler::handleError() - CORE\src\Error\BaseErrorHandler.php, line 138
include - APP/Template\Articles\index.ctp, line 21
Cake\View\View::_evaluate() - CORE\src\View\View.php, line 970
Cake\View\View::_render() - CORE\src\View\View.php, line 930
Cake\View\View::render() - CORE\src\View\View.php, line 578
Cake\Controller\Controller::render() - CORE\src\Controller\Controller.php, line 611
Cake\Routing\Dispatcher::_invoke() - CORE\src\Routing\Dispatcher.php, line 120
Cake\Routing\Dispatcher::dispatch() - CORE\src\Routing\Dispatcher.php, line 87
[main] - ROOT\webroot\index.php, line 37



2015-11-12 20:39:41 Notice: Notice (8): Trying to get property of non-object in [C:\xampp\htdocs\cake\src\Template\Articles\index.ctp, line 21]
Trace:
Cake\Error\BaseErrorHandler::handleError() - CORE\src\Error\BaseErrorHandler.php, line 138
include - APP/Template\Articles\index.ctp, line 21
Cake\View\View::_evaluate() - CORE\src\View\View.php, line 970
Cake\View\View::_render() - CORE\src\View\View.php, line 930
Cake\View\View::render() - CORE\src\View\View.php, line 578
Cake\Controller\Controller::render() - CORE\src\Controller\Controller.php, line 611
Cake\Routing\Dispatcher::_invoke() - CORE\src\Routing\Dispatcher.php, line 120
Cake\Routing\Dispatcher::dispatch() - CORE\src\Routing\Dispatcher.php, line 87
[main] - ROOT\webroot\index.php, line 37



2015-11-12 20:39:41 Notice: Notice (8): Trying to get property of non-object in [C:\xampp\htdocs\cake\src\Template\Articles\index.ctp, line 21]
Trace:
Cake\Error\BaseErrorHandler::handleError() - CORE\src\Error\BaseErrorHandler.php, line 138
include - APP/Template\Articles\index.ctp, line 21
Cake\View\View::_evaluate() - CORE\src\View\View.php, line 970
Cake\View\View::_render() - CORE\src\View\View.php, line 930
Cake\View\View::render() - CORE\src\View\View.php, line 578
Cake\Controller\Controller::render() - CORE\src\Controller\Controller.php, line 611
Cake\Routing\Dispatcher::_invoke() - CORE\src\Routing\Dispatcher.php, line 120
Cake\Routing\Dispatcher::dispatch() - CORE\src\Routing\Dispatcher.php, line 87
[main] - ROOT\webroot\index.php, line 37



2015-11-12 20:40:29 Notice: Notice (8): Trying to get property of non-object in [C:\xampp\htdocs\cake\src\Template\Articles\index.ctp, line 21]
Trace:
Cake\Error\BaseErrorHandler::handleError() - CORE\src\Error\BaseErrorHandler.php, line 138
include - APP/Template\Articles\index.ctp, line 21
Cake\View\View::_evaluate() - CORE\src\View\View.php, line 970
Cake\View\View::_render() - CORE\src\View\View.php, line 930
Cake\View\View::render() - CORE\src\View\View.php, line 578
Cake\Controller\Controller::render() - CORE\src\Controller\Controller.php, line 611
Cake\Routing\Dispatcher::_invoke() - CORE\src\Routing\Dispatcher.php, line 120
Cake\Routing\Dispatcher::dispatch() - CORE\src\Routing\Dispatcher.php, line 87
[main] - ROOT\webroot\index.php, line 37



2015-11-12 20:40:29 Notice: Notice (8): Trying to get property of non-object in [C:\xampp\htdocs\cake\src\Template\Articles\index.ctp, line 21]
Trace:
Cake\Error\BaseErrorHandler::handleError() - CORE\src\Error\BaseErrorHandler.php, line 138
include - APP/Template\Articles\index.ctp, line 21
Cake\View\View::_evaluate() - CORE\src\View\View.php, line 970
Cake\View\View::_render() - CORE\src\View\View.php, line 930
Cake\View\View::render() - CORE\src\View\View.php, line 578
Cake\Controller\Controller::render() - CORE\src\Controller\Controller.php, line 611
Cake\Routing\Dispatcher::_invoke() - CORE\src\Routing\Dispatcher.php, line 120
Cake\Routing\Dispatcher::dispatch() - CORE\src\Routing\Dispatcher.php, line 87
[main] - ROOT\webroot\index.php, line 37



2015-11-12 20:40:29 Notice: Notice (8): Trying to get property of non-object in [C:\xampp\htdocs\cake\src\Template\Articles\index.ctp, line 21]
Trace:
Cake\Error\BaseErrorHandler::handleError() - CORE\src\Error\BaseErrorHandler.php, line 138
include - APP/Template\Articles\index.ctp, line 21
Cake\View\View::_evaluate() - CORE\src\View\View.php, line 970
Cake\View\View::_render() - CORE\src\View\View.php, line 930
Cake\View\View::render() - CORE\src\View\View.php, line 578
Cake\Controller\Controller::render() - CORE\src\Controller\Controller.php, line 611
Cake\Routing\Dispatcher::_invoke() - CORE\src\Routing\Dispatcher.php, line 120
Cake\Routing\Dispatcher::dispatch() - CORE\src\Routing\Dispatcher.php, line 87
[main] - ROOT\webroot\index.php, line 37



2015-11-12 20:40:29 Notice: Notice (8): Trying to get property of non-object in [C:\xampp\htdocs\cake\src\Template\Articles\index.ctp, line 21]
Trace:
Cake\Error\BaseErrorHandler::handleError() - CORE\src\Error\BaseErrorHandler.php, line 138
include - APP/Template\Articles\index.ctp, line 21
Cake\View\View::_evaluate() - CORE\src\View\View.php, line 970
Cake\View\View::_render() - CORE\src\View\View.php, line 930
Cake\View\View::render() - CORE\src\View\View.php, line 578
Cake\Controller\Controller::render() - CORE\src\Controller\Controller.php, line 611
Cake\Routing\Dispatcher::_invoke() - CORE\src\Routing\Dispatcher.php, line 120
Cake\Routing\Dispatcher::dispatch() - CORE\src\Routing\Dispatcher.php, line 87
[main] - ROOT\webroot\index.php, line 37



2015-11-12 20:40:29 Notice: Notice (8): Trying to get property of non-object in [C:\xampp\htdocs\cake\src\Template\Articles\index.ctp, line 21]
Trace:
Cake\Error\BaseErrorHandler::handleError() - CORE\src\Error\BaseErrorHandler.php, line 138
include - APP/Template\Articles\index.ctp, line 21
Cake\View\View::_evaluate() - CORE\src\View\View.php, line 970
Cake\View\View::_render() - CORE\src\View\View.php, line 930
Cake\View\View::render() - CORE\src\View\View.php, line 578
Cake\Controller\Controller::render() - CORE\src\Controller\Controller.php, line 611
Cake\Routing\Dispatcher::_invoke() - CORE\src\Routing\Dispatcher.php, line 120
Cake\Routing\Dispatcher::dispatch() - CORE\src\Routing\Dispatcher.php, line 87
[main] - ROOT\webroot\index.php, line 37



2015-11-12 20:44:44 Notice: Notice (8): Trying to get property of non-object in [C:\xampp\htdocs\cake\src\Template\Articles\index.ctp, line 21]
Trace:
Cake\Error\BaseErrorHandler::handleError() - CORE\src\Error\BaseErrorHandler.php, line 138
include - APP/Template\Articles\index.ctp, line 21
Cake\View\View::_evaluate() - CORE\src\View\View.php, line 970
Cake\View\View::_render() - CORE\src\View\View.php, line 930
Cake\View\View::render() - CORE\src\View\View.php, line 578
Cake\Controller\Controller::render() - CORE\src\Controller\Controller.php, line 611
Cake\Routing\Dispatcher::_invoke() - CORE\src\Routing\Dispatcher.php, line 120
Cake\Routing\Dispatcher::dispatch() - CORE\src\Routing\Dispatcher.php, line 87
[main] - ROOT\webroot\index.php, line 37



2015-11-12 20:44:44 Notice: Notice (8): Trying to get property of non-object in [C:\xampp\htdocs\cake\src\Template\Articles\index.ctp, line 21]
Trace:
Cake\Error\BaseErrorHandler::handleError() - CORE\src\Error\BaseErrorHandler.php, line 138
include - APP/Template\Articles\index.ctp, line 21
Cake\View\View::_evaluate() - CORE\src\View\View.php, line 970
Cake\View\View::_render() - CORE\src\View\View.php, line 930
Cake\View\View::render() - CORE\src\View\View.php, line 578
Cake\Controller\Controller::render() - CORE\src\Controller\Controller.php, line 611
Cake\Routing\Dispatcher::_invoke() - CORE\src\Routing\Dispatcher.php, line 120
Cake\Routing\Dispatcher::dispatch() - CORE\src\Routing\Dispatcher.php, line 87
[main] - ROOT\webroot\index.php, line 37



2015-11-12 20:44:44 Notice: Notice (8): Trying to get property of non-object in [C:\xampp\htdocs\cake\src\Template\Articles\index.ctp, line 21]
Trace:
Cake\Error\BaseErrorHandler::handleError() - CORE\src\Error\BaseErrorHandler.php, line 138
include - APP/Template\Articles\index.ctp, line 21
Cake\View\View::_evaluate() - CORE\src\View\View.php, line 970
Cake\View\View::_render() - CORE\src\View\View.php, line 930
Cake\View\View::render() - CORE\src\View\View.php, line 578
Cake\Controller\Controller::render() - CORE\src\Controller\Controller.php, line 611
Cake\Routing\Dispatcher::_invoke() - CORE\src\Routing\Dispatcher.php, line 120
Cake\Routing\Dispatcher::dispatch() - CORE\src\Routing\Dispatcher.php, line 87
[main] - ROOT\webroot\index.php, line 37



2015-11-12 20:44:44 Notice: Notice (8): Trying to get property of non-object in [C:\xampp\htdocs\cake\src\Template\Articles\index.ctp, line 21]
Trace:
Cake\Error\BaseErrorHandler::handleError() - CORE\src\Error\BaseErrorHandler.php, line 138
include - APP/Template\Articles\index.ctp, line 21
Cake\View\View::_evaluate() - CORE\src\View\View.php, line 970
Cake\View\View::_render() - CORE\src\View\View.php, line 930
Cake\View\View::render() - CORE\src\View\View.php, line 578
Cake\Controller\Controller::render() - CORE\src\Controller\Controller.php, line 611
Cake\Routing\Dispatcher::_invoke() - CORE\src\Routing\Dispatcher.php, line 120
Cake\Routing\Dispatcher::dispatch() - CORE\src\Routing\Dispatcher.php, line 87
[main] - ROOT\webroot\index.php, line 37



2015-11-12 20:44:44 Notice: Notice (8): Trying to get property of non-object in [C:\xampp\htdocs\cake\src\Template\Articles\index.ctp, line 21]
Trace:
Cake\Error\BaseErrorHandler::handleError() - CORE\src\Error\BaseErrorHandler.php, line 138
include - APP/Template\Articles\index.ctp, line 21
Cake\View\View::_evaluate() - CORE\src\View\View.php, line 970
Cake\View\View::_render() - CORE\src\View\View.php, line 930
Cake\View\View::render() - CORE\src\View\View.php, line 578
Cake\Controller\Controller::render() - CORE\src\Controller\Controller.php, line 611
Cake\Routing\Dispatcher::_invoke() - CORE\src\Routing\Dispatcher.php, line 120
Cake\Routing\Dispatcher::dispatch() - CORE\src\Routing\Dispatcher.php, line 87
[main] - ROOT\webroot\index.php, line 37



2015-11-12 20:50:44 Notice: Notice (8): Trying to get property of non-object in [C:\xampp\htdocs\cake\src\Template\Articles\index.ctp, line 21]
Trace:
Cake\Error\BaseErrorHandler::handleError() - CORE\src\Error\BaseErrorHandler.php, line 138
include - APP/Template\Articles\index.ctp, line 21
Cake\View\View::_evaluate() - CORE\src\View\View.php, line 970
Cake\View\View::_render() - CORE\src\View\View.php, line 930
Cake\View\View::render() - CORE\src\View\View.php, line 578
Cake\Controller\Controller::render() - CORE\src\Controller\Controller.php, line 611
Cake\Routing\Dispatcher::_invoke() - CORE\src\Routing\Dispatcher.php, line 120
Cake\Routing\Dispatcher::dispatch() - CORE\src\Routing\Dispatcher.php, line 87
[main] - ROOT\webroot\index.php, line 37



2015-11-12 20:50:44 Notice: Notice (8): Trying to get property of non-object in [C:\xampp\htdocs\cake\src\Template\Articles\index.ctp, line 21]
Trace:
Cake\Error\BaseErrorHandler::handleError() - CORE\src\Error\BaseErrorHandler.php, line 138
include - APP/Template\Articles\index.ctp, line 21
Cake\View\View::_evaluate() - CORE\src\View\View.php, line 970
Cake\View\View::_render() - CORE\src\View\View.php, line 930
Cake\View\View::render() - CORE\src\View\View.php, line 578
Cake\Controller\Controller::render() - CORE\src\Controller\Controller.php, line 611
Cake\Routing\Dispatcher::_invoke() - CORE\src\Routing\Dispatcher.php, line 120
Cake\Routing\Dispatcher::dispatch() - CORE\src\Routing\Dispatcher.php, line 87
[main] - ROOT\webroot\index.php, line 37



2015-11-12 20:50:44 Notice: Notice (8): Trying to get property of non-object in [C:\xampp\htdocs\cake\src\Template\Articles\index.ctp, line 21]
Trace:
Cake\Error\BaseErrorHandler::handleError() - CORE\src\Error\BaseErrorHandler.php, line 138
include - APP/Template\Articles\index.ctp, line 21
Cake\View\View::_evaluate() - CORE\src\View\View.php, line 970
Cake\View\View::_render() - CORE\src\View\View.php, line 930
Cake\View\View::render() - CORE\src\View\View.php, line 578
Cake\Controller\Controller::render() - CORE\src\Controller\Controller.php, line 611
Cake\Routing\Dispatcher::_invoke() - CORE\src\Routing\Dispatcher.php, line 120
Cake\Routing\Dispatcher::dispatch() - CORE\src\Routing\Dispatcher.php, line 87
[main] - ROOT\webroot\index.php, line 37



2015-11-12 20:50:44 Notice: Notice (8): Trying to get property of non-object in [C:\xampp\htdocs\cake\src\Template\Articles\index.ctp, line 21]
Trace:
Cake\Error\BaseErrorHandler::handleError() - CORE\src\Error\BaseErrorHandler.php, line 138
include - APP/Template\Articles\index.ctp, line 21
Cake\View\View::_evaluate() - CORE\src\View\View.php, line 970
Cake\View\View::_render() - CORE\src\View\View.php, line 930
Cake\View\View::render() - CORE\src\View\View.php, line 578
Cake\Controller\Controller::render() - CORE\src\Controller\Controller.php, line 611
Cake\Routing\Dispatcher::_invoke() - CORE\src\Routing\Dispatcher.php, line 120
Cake\Routing\Dispatcher::dispatch() - CORE\src\Routing\Dispatcher.php, line 87
[main] - ROOT\webroot\index.php, line 37



2015-11-12 20:50:44 Notice: Notice (8): Trying to get property of non-object in [C:\xampp\htdocs\cake\src\Template\Articles\index.ctp, line 21]
Trace:
Cake\Error\BaseErrorHandler::handleError() - CORE\src\Error\BaseErrorHandler.php, line 138
include - APP/Template\Articles\index.ctp, line 21
Cake\View\View::_evaluate() - CORE\src\View\View.php, line 970
Cake\View\View::_render() - CORE\src\View\View.php, line 930
Cake\View\View::render() - CORE\src\View\View.php, line 578
Cake\Controller\Controller::render() - CORE\src\Controller\Controller.php, line 611
Cake\Routing\Dispatcher::_invoke() - CORE\src\Routing\Dispatcher.php, line 120
Cake\Routing\Dispatcher::dispatch() - CORE\src\Routing\Dispatcher.php, line 87
[main] - ROOT\webroot\index.php, line 37



2015-11-12 20:51:00 Notice: Notice (8): Trying to get property of non-object in [C:\xampp\htdocs\cake\src\Template\Articles\index.ctp, line 21]
Trace:
Cake\Error\BaseErrorHandler::handleError() - CORE\src\Error\BaseErrorHandler.php, line 138
include - APP/Template\Articles\index.ctp, line 21
Cake\View\View::_evaluate() - CORE\src\View\View.php, line 970
Cake\View\View::_render() - CORE\src\View\View.php, line 930
Cake\View\View::render() - CORE\src\View\View.php, line 578
Cake\Controller\Controller::render() - CORE\src\Controller\Controller.php, line 611
Cake\Routing\Dispatcher::_invoke() - CORE\src\Routing\Dispatcher.php, line 120
Cake\Routing\Dispatcher::dispatch() - CORE\src\Routing\Dispatcher.php, line 87
[main] - ROOT\webroot\index.php, line 37



2015-11-12 20:51:00 Notice: Notice (8): Trying to get property of non-object in [C:\xampp\htdocs\cake\src\Template\Articles\index.ctp, line 21]
Trace:
Cake\Error\BaseErrorHandler::handleError() - CORE\src\Error\BaseErrorHandler.php, line 138
include - APP/Template\Articles\index.ctp, line 21
Cake\View\View::_evaluate() - CORE\src\View\View.php, line 970
Cake\View\View::_render() - CORE\src\View\View.php, line 930
Cake\View\View::render() - CORE\src\View\View.php, line 578
Cake\Controller\Controller::render() - CORE\src\Controller\Controller.php, line 611
Cake\Routing\Dispatcher::_invoke() - CORE\src\Routing\Dispatcher.php, line 120
Cake\Routing\Dispatcher::dispatch() - CORE\src\Routing\Dispatcher.php, line 87
[main] - ROOT\webroot\index.php, line 37



2015-11-12 20:51:00 Notice: Notice (8): Trying to get property of non-object in [C:\xampp\htdocs\cake\src\Template\Articles\index.ctp, line 21]
Trace:
Cake\Error\BaseErrorHandler::handleError() - CORE\src\Error\BaseErrorHandler.php, line 138
include - APP/Template\Articles\index.ctp, line 21
Cake\View\View::_evaluate() - CORE\src\View\View.php, line 970
Cake\View\View::_render() - CORE\src\View\View.php, line 930
Cake\View\View::render() - CORE\src\View\View.php, line 578
Cake\Controller\Controller::render() - CORE\src\Controller\Controller.php, line 611
Cake\Routing\Dispatcher::_invoke() - CORE\src\Routing\Dispatcher.php, line 120
Cake\Routing\Dispatcher::dispatch() - CORE\src\Routing\Dispatcher.php, line 87
[main] - ROOT\webroot\index.php, line 37



2015-11-12 20:51:00 Notice: Notice (8): Trying to get property of non-object in [C:\xampp\htdocs\cake\src\Template\Articles\index.ctp, line 21]
Trace:
Cake\Error\BaseErrorHandler::handleError() - CORE\src\Error\BaseErrorHandler.php, line 138
include - APP/Template\Articles\index.ctp, line 21
Cake\View\View::_evaluate() - CORE\src\View\View.php, line 970
Cake\View\View::_render() - CORE\src\View\View.php, line 930
Cake\View\View::render() - CORE\src\View\View.php, line 578
Cake\Controller\Controller::render() - CORE\src\Controller\Controller.php, line 611
Cake\Routing\Dispatcher::_invoke() - CORE\src\Routing\Dispatcher.php, line 120
Cake\Routing\Dispatcher::dispatch() - CORE\src\Routing\Dispatcher.php, line 87
[main] - ROOT\webroot\index.php, line 37



2015-11-12 20:51:00 Notice: Notice (8): Trying to get property of non-object in [C:\xampp\htdocs\cake\src\Template\Articles\index.ctp, line 21]
Trace:
Cake\Error\BaseErrorHandler::handleError() - CORE\src\Error\BaseErrorHandler.php, line 138
include - APP/Template\Articles\index.ctp, line 21
Cake\View\View::_evaluate() - CORE\src\View\View.php, line 970
Cake\View\View::_render() - CORE\src\View\View.php, line 930
Cake\View\View::render() - CORE\src\View\View.php, line 578
Cake\Controller\Controller::render() - CORE\src\Controller\Controller.php, line 611
Cake\Routing\Dispatcher::_invoke() - CORE\src\Routing\Dispatcher.php, line 120
Cake\Routing\Dispatcher::dispatch() - CORE\src\Routing\Dispatcher.php, line 87
[main] - ROOT\webroot\index.php, line 37



2015-11-12 20:51:16 Notice: Notice (8): Trying to get property of non-object in [C:\xampp\htdocs\cake\src\Template\Articles\index.ctp, line 21]
Trace:
Cake\Error\BaseErrorHandler::handleError() - CORE\src\Error\BaseErrorHandler.php, line 138
include - APP/Template\Articles\index.ctp, line 21
Cake\View\View::_evaluate() - CORE\src\View\View.php, line 970
Cake\View\View::_render() - CORE\src\View\View.php, line 930
Cake\View\View::render() - CORE\src\View\View.php, line 578
Cake\Controller\Controller::render() - CORE\src\Controller\Controller.php, line 611
Cake\Routing\Dispatcher::_invoke() - CORE\src\Routing\Dispatcher.php, line 120
Cake\Routing\Dispatcher::dispatch() - CORE\src\Routing\Dispatcher.php, line 87
[main] - ROOT\webroot\index.php, line 37



2015-11-12 20:51:16 Notice: Notice (8): Trying to get property of non-object in [C:\xampp\htdocs\cake\src\Template\Articles\index.ctp, line 21]
Trace:
Cake\Error\BaseErrorHandler::handleError() - CORE\src\Error\BaseErrorHandler.php, line 138
include - APP/Template\Articles\index.ctp, line 21
Cake\View\View::_evaluate() - CORE\src\View\View.php, line 970
Cake\View\View::_render() - CORE\src\View\View.php, line 930
Cake\View\View::render() - CORE\src\View\View.php, line 578
Cake\Controller\Controller::render() - CORE\src\Controller\Controller.php, line 611
Cake\Routing\Dispatcher::_invoke() - CORE\src\Routing\Dispatcher.php, line 120
Cake\Routing\Dispatcher::dispatch() - CORE\src\Routing\Dispatcher.php, line 87
[main] - ROOT\webroot\index.php, line 37



2015-11-12 20:51:16 Notice: Notice (8): Trying to get property of non-object in [C:\xampp\htdocs\cake\src\Template\Articles\index.ctp, line 21]
Trace:
Cake\Error\BaseErrorHandler::handleError() - CORE\src\Error\BaseErrorHandler.php, line 138
include - APP/Template\Articles\index.ctp, line 21
Cake\View\View::_evaluate() - CORE\src\View\View.php, line 970
Cake\View\View::_render() - CORE\src\View\View.php, line 930
Cake\View\View::render() - CORE\src\View\View.php, line 578
Cake\Controller\Controller::render() - CORE\src\Controller\Controller.php, line 611
Cake\Routing\Dispatcher::_invoke() - CORE\src\Routing\Dispatcher.php, line 120
Cake\Routing\Dispatcher::dispatch() - CORE\src\Routing\Dispatcher.php, line 87
[main] - ROOT\webroot\index.php, line 37



2015-11-12 20:51:16 Notice: Notice (8): Trying to get property of non-object in [C:\xampp\htdocs\cake\src\Template\Articles\index.ctp, line 21]
Trace:
Cake\Error\BaseErrorHandler::handleError() - CORE\src\Error\BaseErrorHandler.php, line 138
include - APP/Template\Articles\index.ctp, line 21
Cake\View\View::_evaluate() - CORE\src\View\View.php, line 970
Cake\View\View::_render() - CORE\src\View\View.php, line 930
Cake\View\View::render() - CORE\src\View\View.php, line 578
Cake\Controller\Controller::render() - CORE\src\Controller\Controller.php, line 611
Cake\Routing\Dispatcher::_invoke() - CORE\src\Routing\Dispatcher.php, line 120
Cake\Routing\Dispatcher::dispatch() - CORE\src\Routing\Dispatcher.php, line 87
[main] - ROOT\webroot\index.php, line 37



2015-11-12 20:51:16 Notice: Notice (8): Trying to get property of non-object in [C:\xampp\htdocs\cake\src\Template\Articles\index.ctp, line 21]
Trace:
Cake\Error\BaseErrorHandler::handleError() - CORE\src\Error\BaseErrorHandler.php, line 138
include - APP/Template\Articles\index.ctp, line 21
Cake\View\View::_evaluate() - CORE\src\View\View.php, line 970
Cake\View\View::_render() - CORE\src\View\View.php, line 930
Cake\View\View::render() - CORE\src\View\View.php, line 578
Cake\Controller\Controller::render() - CORE\src\Controller\Controller.php, line 611
Cake\Routing\Dispatcher::_invoke() - CORE\src\Routing\Dispatcher.php, line 120
Cake\Routing\Dispatcher::dispatch() - CORE\src\Routing\Dispatcher.php, line 87
[main] - ROOT\webroot\index.php, line 37



2015-11-12 20:55:05 Notice: Notice (8): Trying to get property of non-object in [C:\xampp\htdocs\cake\src\Template\Articles\index.ctp, line 21]
Trace:
Cake\Error\BaseErrorHandler::handleError() - CORE\src\Error\BaseErrorHandler.php, line 138
include - APP/Template\Articles\index.ctp, line 21
Cake\View\View::_evaluate() - CORE\src\View\View.php, line 970
Cake\View\View::_render() - CORE\src\View\View.php, line 930
Cake\View\View::render() - CORE\src\View\View.php, line 578
Cake\Controller\Controller::render() - CORE\src\Controller\Controller.php, line 611
Cake\Routing\Dispatcher::_invoke() - CORE\src\Routing\Dispatcher.php, line 120
Cake\Routing\Dispatcher::dispatch() - CORE\src\Routing\Dispatcher.php, line 87
[main] - ROOT\webroot\index.php, line 37



2015-11-12 20:55:05 Notice: Notice (8): Trying to get property of non-object in [C:\xampp\htdocs\cake\src\Template\Articles\index.ctp, line 21]
Trace:
Cake\Error\BaseErrorHandler::handleError() - CORE\src\Error\BaseErrorHandler.php, line 138
include - APP/Template\Articles\index.ctp, line 21
Cake\View\View::_evaluate() - CORE\src\View\View.php, line 970
Cake\View\View::_render() - CORE\src\View\View.php, line 930
Cake\View\View::render() - CORE\src\View\View.php, line 578
Cake\Controller\Controller::render() - CORE\src\Controller\Controller.php, line 611
Cake\Routing\Dispatcher::_invoke() - CORE\src\Routing\Dispatcher.php, line 120
Cake\Routing\Dispatcher::dispatch() - CORE\src\Routing\Dispatcher.php, line 87
[main] - ROOT\webroot\index.php, line 37



2015-11-12 20:55:05 Notice: Notice (8): Trying to get property of non-object in [C:\xampp\htdocs\cake\src\Template\Articles\index.ctp, line 21]
Trace:
Cake\Error\BaseErrorHandler::handleError() - CORE\src\Error\BaseErrorHandler.php, line 138
include - APP/Template\Articles\index.ctp, line 21
Cake\View\View::_evaluate() - CORE\src\View\View.php, line 970
Cake\View\View::_render() - CORE\src\View\View.php, line 930
Cake\View\View::render() - CORE\src\View\View.php, line 578
Cake\Controller\Controller::render() - CORE\src\Controller\Controller.php, line 611
Cake\Routing\Dispatcher::_invoke() - CORE\src\Routing\Dispatcher.php, line 120
Cake\Routing\Dispatcher::dispatch() - CORE\src\Routing\Dispatcher.php, line 87
[main] - ROOT\webroot\index.php, line 37



2015-11-12 20:55:05 Notice: Notice (8): Trying to get property of non-object in [C:\xampp\htdocs\cake\src\Template\Articles\index.ctp, line 21]
Trace:
Cake\Error\BaseErrorHandler::handleError() - CORE\src\Error\BaseErrorHandler.php, line 138
include - APP/Template\Articles\index.ctp, line 21
Cake\View\View::_evaluate() - CORE\src\View\View.php, line 970
Cake\View\View::_render() - CORE\src\View\View.php, line 930
Cake\View\View::render() - CORE\src\View\View.php, line 578
Cake\Controller\Controller::render() - CORE\src\Controller\Controller.php, line 611
Cake\Routing\Dispatcher::_invoke() - CORE\src\Routing\Dispatcher.php, line 120
Cake\Routing\Dispatcher::dispatch() - CORE\src\Routing\Dispatcher.php, line 87
[main] - ROOT\webroot\index.php, line 37



2015-11-12 20:55:05 Notice: Notice (8): Trying to get property of non-object in [C:\xampp\htdocs\cake\src\Template\Articles\index.ctp, line 21]
Trace:
Cake\Error\BaseErrorHandler::handleError() - CORE\src\Error\BaseErrorHandler.php, line 138
include - APP/Template\Articles\index.ctp, line 21
Cake\View\View::_evaluate() - CORE\src\View\View.php, line 970
Cake\View\View::_render() - CORE\src\View\View.php, line 930
Cake\View\View::render() - CORE\src\View\View.php, line 578
Cake\Controller\Controller::render() - CORE\src\Controller\Controller.php, line 611
Cake\Routing\Dispatcher::_invoke() - CORE\src\Routing\Dispatcher.php, line 120
Cake\Routing\Dispatcher::dispatch() - CORE\src\Routing\Dispatcher.php, line 87
[main] - ROOT\webroot\index.php, line 37



2015-12-04 18:27:19 Notice: Notice (8): Undefined variable: id in [C:\xampp\htdocs\cake\src\Controller\ArticlesController.php, line 20]
Trace:
Cake\Error\BaseErrorHandler::handleError() - CORE\src\Error\BaseErrorHandler.php, line 138
App\Controller\ArticlesController::view() - APP/Controller\ArticlesController.php, line 20
Cake\Controller\Controller::invokeAction() - CORE\src\Controller\Controller.php, line 429
Cake\Routing\Dispatcher::_invoke() - CORE\src\Routing\Dispatcher.php, line 114
Cake\Routing\Dispatcher::dispatch() - CORE\src\Routing\Dispatcher.php, line 87
[main] - ROOT\webroot\index.php, line 37



2015-12-04 18:27:42 Notice: Notice (8): Trying to get property of non-object in [C:\xampp\htdocs\cake\src\Template\Articles\index.ctp, line 19]
Trace:
Cake\Error\BaseErrorHandler::handleError() - CORE\src\Error\BaseErrorHandler.php, line 138
include - APP/Template\Articles\index.ctp, line 19
Cake\View\View::_evaluate() - CORE\src\View\View.php, line 970
Cake\View\View::_render() - CORE\src\View\View.php, line 930
Cake\View\View::render() - CORE\src\View\View.php, line 578
Cake\Controller\Controller::render() - CORE\src\Controller\Controller.php, line 611
Cake\Routing\Dispatcher::_invoke() - CORE\src\Routing\Dispatcher.php, line 120
Cake\Routing\Dispatcher::dispatch() - CORE\src\Routing\Dispatcher.php, line 87
[main] - ROOT\webroot\index.php, line 37



2015-12-04 18:28:17 Notice: Notice (8): Trying to get property of non-object in [C:\xampp\htdocs\cake\src\Template\Articles\index.ctp, line 19]
Trace:
Cake\Error\BaseErrorHandler::handleError() - CORE\src\Error\BaseErrorHandler.php, line 138
include - APP/Template\Articles\index.ctp, line 19
Cake\View\View::_evaluate() - CORE\src\View\View.php, line 970
Cake\View\View::_render() - CORE\src\View\View.php, line 930
Cake\View\View::render() - CORE\src\View\View.php, line 578
Cake\Controller\Controller::render() - CORE\src\Controller\Controller.php, line 611
Cake\Routing\Dispatcher::_invoke() - CORE\src\Routing\Dispatcher.php, line 120
Cake\Routing\Dispatcher::dispatch() - CORE\src\Routing\Dispatcher.php, line 87
[main] - ROOT\webroot\index.php, line 37



2015-12-04 18:38:54 Notice: Notice (8): Trying to get property of non-object in [C:\xampp\htdocs\cake\src\Template\Articles\index.ctp, line 19]
Trace:
Cake\Error\BaseErrorHandler::handleError() - CORE\src\Error\BaseErrorHandler.php, line 138
include - APP/Template\Articles\index.ctp, line 19
Cake\View\View::_evaluate() - CORE\src\View\View.php, line 970
Cake\View\View::_render() - CORE\src\View\View.php, line 930
Cake\View\View::render() - CORE\src\View\View.php, line 578
Cake\Controller\Controller::render() - CORE\src\Controller\Controller.php, line 611
Cake\Routing\Dispatcher::_invoke() - CORE\src\Routing\Dispatcher.php, line 120
Cake\Routing\Dispatcher::dispatch() - CORE\src\Routing\Dispatcher.php, line 87
[main] - ROOT\webroot\index.php, line 37



2015-12-04 18:41:30 Notice: Notice (8): Trying to get property of non-object in [C:\xampp\htdocs\cake\src\Template\Articles\index.ctp, line 19]
Trace:
Cake\Error\BaseErrorHandler::handleError() - CORE\src\Error\BaseErrorHandler.php, line 138
include - APP/Template\Articles\index.ctp, line 19
Cake\View\View::_evaluate() - CORE\src\View\View.php, line 970
Cake\View\View::_render() - CORE\src\View\View.php, line 930
Cake\View\View::render() - CORE\src\View\View.php, line 578
Cake\Controller\Controller::render() - CORE\src\Controller\Controller.php, line 611
Cake\Routing\Dispatcher::_invoke() - CORE\src\Routing\Dispatcher.php, line 120
Cake\Routing\Dispatcher::dispatch() - CORE\src\Routing\Dispatcher.php, line 87
[main] - ROOT\webroot\index.php, line 37



2015-12-04 18:42:15 Notice: Notice (8): Trying to get property of non-object in [C:\xampp\htdocs\cake\src\Template\Articles\index.ctp, line 19]
Trace:
Cake\Error\BaseErrorHandler::handleError() - CORE\src\Error\BaseErrorHandler.php, line 138
include - APP/Template\Articles\index.ctp, line 19
Cake\View\View::_evaluate() - CORE\src\View\View.php, line 970
Cake\View\View::_render() - CORE\src\View\View.php, line 930
Cake\View\View::render() - CORE\src\View\View.php, line 578
Cake\Controller\Controller::render() - CORE\src\Controller\Controller.php, line 611
Cake\Routing\Dispatcher::_invoke() - CORE\src\Routing\Dispatcher.php, line 120
Cake\Routing\Dispatcher::dispatch() - CORE\src\Routing\Dispatcher.php, line 87
[main] - ROOT\webroot\index.php, line 37



2015-12-04 18:44:17 Notice: Notice (8): Trying to get property of non-object in [C:\xampp\htdocs\cake\src\Template\Articles\index.ctp, line 19]
Trace:
Cake\Error\BaseErrorHandler::handleError() - CORE\src\Error\BaseErrorHandler.php, line 138
include - APP/Template\Articles\index.ctp, line 19
Cake\View\View::_evaluate() - CORE\src\View\View.php, line 970
Cake\View\View::_render() - CORE\src\View\View.php, line 930
Cake\View\View::render() - CORE\src\View\View.php, line 578
Cake\Controller\Controller::render() - CORE\src\Controller\Controller.php, line 611
Cake\Routing\Dispatcher::_invoke() - CORE\src\Routing\Dispatcher.php, line 120
Cake\Routing\Dispatcher::dispatch() - CORE\src\Routing\Dispatcher.php, line 87
[main] - ROOT\webroot\index.php, line 37



2015-12-04 18:44:23 Notice: Notice (8): Trying to get property of non-object in [C:\xampp\htdocs\cake\src\Template\Articles\index.ctp, line 19]
Trace:
Cake\Error\BaseErrorHandler::handleError() - CORE\src\Error\BaseErrorHandler.php, line 138
include - APP/Template\Articles\index.ctp, line 19
Cake\View\View::_evaluate() - CORE\src\View\View.php, line 970
Cake\View\View::_render() - CORE\src\View\View.php, line 930
Cake\View\View::render() - CORE\src\View\View.php, line 578
Cake\Controller\Controller::render() - CORE\src\Controller\Controller.php, line 611
Cake\Routing\Dispatcher::_invoke() - CORE\src\Routing\Dispatcher.php, line 120
Cake\Routing\Dispatcher::dispatch() - CORE\src\Routing\Dispatcher.php, line 87
[main] - ROOT\webroot\index.php, line 37



2015-12-04 18:44:39 Notice: Notice (8): Trying to get property of non-object in [C:\xampp\htdocs\cake\src\Template\Articles\index.ctp, line 19]
Trace:
Cake\Error\BaseErrorHandler::handleError() - CORE\src\Error\BaseErrorHandler.php, line 138
include - APP/Template\Articles\index.ctp, line 19
Cake\View\View::_evaluate() - CORE\src\View\View.php, line 970
Cake\View\View::_render() - CORE\src\View\View.php, line 930
Cake\View\View::render() - CORE\src\View\View.php, line 578
Cake\Controller\Controller::render() - CORE\src\Controller\Controller.php, line 611
Cake\Routing\Dispatcher::_invoke() - CORE\src\Routing\Dispatcher.php, line 120
Cake\Routing\Dispatcher::dispatch() - CORE\src\Routing\Dispatcher.php, line 87
[main] - ROOT\webroot\index.php, line 37



2015-12-04 18:46:47 Notice: Notice (8): Trying to get property of non-object in [C:\xampp\htdocs\cake\src\Template\Articles\index.ctp, line 19]
Trace:
Cake\Error\BaseErrorHandler::handleError() - CORE\src\Error\BaseErrorHandler.php, line 138
include - APP/Template\Articles\index.ctp, line 19
Cake\View\View::_evaluate() - CORE\src\View\View.php, line 970
Cake\View\View::_render() - CORE\src\View\View.php, line 930
Cake\View\View::render() - CORE\src\View\View.php, line 578
Cake\Controller\Controller::render() - CORE\src\Controller\Controller.php, line 611
Cake\Routing\Dispatcher::_invoke() - CORE\src\Routing\Dispatcher.php, line 120
Cake\Routing\Dispatcher::dispatch() - CORE\src\Routing\Dispatcher.php, line 87
[main] - ROOT\webroot\index.php, line 37



2015-12-04 18:46:56 Notice: Notice (8): Trying to get property of non-object in [C:\xampp\htdocs\cake\src\Template\Articles\index.ctp, line 19]
Trace:
Cake\Error\BaseErrorHandler::handleError() - CORE\src\Error\BaseErrorHandler.php, line 138
include - APP/Template\Articles\index.ctp, line 19
Cake\View\View::_evaluate() - CORE\src\View\View.php, line 970
Cake\View\View::_render() - CORE\src\View\View.php, line 930
Cake\View\View::render() - CORE\src\View\View.php, line 578
Cake\Controller\Controller::render() - CORE\src\Controller\Controller.php, line 611
Cake\Routing\Dispatcher::_invoke() - CORE\src\Routing\Dispatcher.php, line 120
Cake\Routing\Dispatcher::dispatch() - CORE\src\Routing\Dispatcher.php, line 87
[main] - ROOT\webroot\index.php, line 37



2015-12-04 18:47:24 Notice: Notice (8): Trying to get property of non-object in [C:\xampp\htdocs\cake\src\Template\Articles\index.ctp, line 19]
Trace:
Cake\Error\BaseErrorHandler::handleError() - CORE\src\Error\BaseErrorHandler.php, line 138
include - APP/Template\Articles\index.ctp, line 19
Cake\View\View::_evaluate() - CORE\src\View\View.php, line 970
Cake\View\View::_render() - CORE\src\View\View.php, line 930
Cake\View\View::render() - CORE\src\View\View.php, line 578
Cake\Controller\Controller::render() - CORE\src\Controller\Controller.php, line 611
Cake\Routing\Dispatcher::_invoke() - CORE\src\Routing\Dispatcher.php, line 120
Cake\Routing\Dispatcher::dispatch() - CORE\src\Routing\Dispatcher.php, line 87
[main] - ROOT\webroot\index.php, line 37



2015-12-04 18:48:47 Notice: Notice (8): Trying to get property of non-object in [C:\xampp\htdocs\cake\src\Template\Articles\index.ctp, line 19]
Trace:
Cake\Error\BaseErrorHandler::handleError() - CORE\src\Error\BaseErrorHandler.php, line 138
include - APP/Template\Articles\index.ctp, line 19
Cake\View\View::_evaluate() - CORE\src\View\View.php, line 970
Cake\View\View::_render() - CORE\src\View\View.php, line 930
Cake\View\View::render() - CORE\src\View\View.php, line 578
Cake\Controller\Controller::render() - CORE\src\Controller\Controller.php, line 611
Cake\Routing\Dispatcher::_invoke() - CORE\src\Routing\Dispatcher.php, line 120
Cake\Routing\Dispatcher::dispatch() - CORE\src\Routing\Dispatcher.php, line 87
[main] - ROOT\webroot\index.php, line 37



2015-12-04 18:51:13 Notice: Notice (8): Trying to get property of non-object in [C:\xampp\htdocs\cake\src\Template\Articles\index.ctp, line 19]
Trace:
Cake\Error\BaseErrorHandler::handleError() - CORE\src\Error\BaseErrorHandler.php, line 138
include - APP/Template\Articles\index.ctp, line 19
Cake\View\View::_evaluate() - CORE\src\View\View.php, line 970
Cake\View\View::_render() - CORE\src\View\View.php, line 930
Cake\View\View::render() - CORE\src\View\View.php, line 578
Cake\Controller\Controller::render() - CORE\src\Controller\Controller.php, line 611
Cake\Routing\Dispatcher::_invoke() - CORE\src\Routing\Dispatcher.php, line 120
Cake\Routing\Dispatcher::dispatch() - CORE\src\Routing\Dispatcher.php, line 87
[main] - ROOT\webroot\index.php, line 37



2015-12-04 18:51:29 Notice: Notice (8): Trying to get property of non-object in [C:\xampp\htdocs\cake\src\Template\Articles\index.ctp, line 19]
Trace:
Cake\Error\BaseErrorHandler::handleError() - CORE\src\Error\BaseErrorHandler.php, line 138
include - APP/Template\Articles\index.ctp, line 19
Cake\View\View::_evaluate() - CORE\src\View\View.php, line 970
Cake\View\View::_render() - CORE\src\View\View.php, line 930
Cake\View\View::render() - CORE\src\View\View.php, line 578
Cake\Controller\Controller::render() - CORE\src\Controller\Controller.php, line 611
Cake\Routing\Dispatcher::_invoke() - CORE\src\Routing\Dispatcher.php, line 120
Cake\Routing\Dispatcher::dispatch() - CORE\src\Routing\Dispatcher.php, line 87
[main] - ROOT\webroot\index.php, line 37



2015-12-04 18:51:34 Notice: Notice (8): Trying to get property of non-object in [C:\xampp\htdocs\cake\src\Template\Articles\index.ctp, line 19]
Trace:
Cake\Error\BaseErrorHandler::handleError() - CORE\src\Error\BaseErrorHandler.php, line 138
include - APP/Template\Articles\index.ctp, line 19
Cake\View\View::_evaluate() - CORE\src\View\View.php, line 970
Cake\View\View::_render() - CORE\src\View\View.php, line 930
Cake\View\View::render() - CORE\src\View\View.php, line 578
Cake\Controller\Controller::render() - CORE\src\Controller\Controller.php, line 611
Cake\Routing\Dispatcher::_invoke() - CORE\src\Routing\Dispatcher.php, line 120
Cake\Routing\Dispatcher::dispatch() - CORE\src\Routing\Dispatcher.php, line 87
[main] - ROOT\webroot\index.php, line 37



2015-12-04 18:52:15 Notice: Notice (8): Trying to get property of non-object in [C:\xampp\htdocs\cake\src\Template\Articles\index.ctp, line 19]
Trace:
Cake\Error\BaseErrorHandler::handleError() - CORE\src\Error\BaseErrorHandler.php, line 138
include - APP/Template\Articles\index.ctp, line 19
Cake\View\View::_evaluate() - CORE\src\View\View.php, line 970
Cake\View\View::_render() - CORE\src\View\View.php, line 930
Cake\View\View::render() - CORE\src\View\View.php, line 578
Cake\Controller\Controller::render() - CORE\src\Controller\Controller.php, line 611
Cake\Routing\Dispatcher::_invoke() - CORE\src\Routing\Dispatcher.php, line 120
Cake\Routing\Dispatcher::dispatch() - CORE\src\Routing\Dispatcher.php, line 87
[main] - ROOT\webroot\index.php, line 37



2015-12-04 18:52:24 Notice: Notice (8): Trying to get property of non-object in [C:\xampp\htdocs\cake\src\Template\Articles\index.ctp, line 19]
Trace:
Cake\Error\BaseErrorHandler::handleError() - CORE\src\Error\BaseErrorHandler.php, line 138
include - APP/Template\Articles\index.ctp, line 19
Cake\View\View::_evaluate() - CORE\src\View\View.php, line 970
Cake\View\View::_render() - CORE\src\View\View.php, line 930
Cake\View\View::render() - CORE\src\View\View.php, line 578
Cake\Controller\Controller::render() - CORE\src\Controller\Controller.php, line 611
Cake\Routing\Dispatcher::_invoke() - CORE\src\Routing\Dispatcher.php, line 120
Cake\Routing\Dispatcher::dispatch() - CORE\src\Routing\Dispatcher.php, line 87
[main] - ROOT\webroot\index.php, line 37



2015-12-04 18:52:24 Notice: Notice (8): Trying to get property of non-object in [C:\xampp\htdocs\cake\src\Template\Articles\index.ctp, line 19]
Trace:
Cake\Error\BaseErrorHandler::handleError() - CORE\src\Error\BaseErrorHandler.php, line 138
include - APP/Template\Articles\index.ctp, line 19
Cake\View\View::_evaluate() - CORE\src\View\View.php, line 970
Cake\View\View::_render() - CORE\src\View\View.php, line 930
Cake\View\View::render() - CORE\src\View\View.php, line 578
Cake\Controller\Controller::render() - CORE\src\Controller\Controller.php, line 611
Cake\Routing\Dispatcher::_invoke() - CORE\src\Routing\Dispatcher.php, line 120
Cake\Routing\Dispatcher::dispatch() - CORE\src\Routing\Dispatcher.php, line 87
[main] - ROOT\webroot\index.php, line 37



2015-12-04 18:52:33 Notice: Notice (8): Trying to get property of non-object in [C:\xampp\htdocs\cake\src\Template\Articles\index.ctp, line 19]
Trace:
Cake\Error\BaseErrorHandler::handleError() - CORE\src\Error\BaseErrorHandler.php, line 138
include - APP/Template\Articles\index.ctp, line 19
Cake\View\View::_evaluate() - CORE\src\View\View.php, line 970
Cake\View\View::_render() - CORE\src\View\View.php, line 930
Cake\View\View::render() - CORE\src\View\View.php, line 578
Cake\Controller\Controller::render() - CORE\src\Controller\Controller.php, line 611
Cake\Routing\Dispatcher::_invoke() - CORE\src\Routing\Dispatcher.php, line 120
Cake\Routing\Dispatcher::dispatch() - CORE\src\Routing\Dispatcher.php, line 87
[main] - ROOT\webroot\index.php, line 37



2015-12-04 18:52:33 Notice: Notice (8): Trying to get property of non-object in [C:\xampp\htdocs\cake\src\Template\Articles\index.ctp, line 19]
Trace:
Cake\Error\BaseErrorHandler::handleError() - CORE\src\Error\BaseErrorHandler.php, line 138
include - APP/Template\Articles\index.ctp, line 19
Cake\View\View::_evaluate() - CORE\src\View\View.php, line 970
Cake\View\View::_render() - CORE\src\View\View.php, line 930
Cake\View\View::render() - CORE\src\View\View.php, line 578
Cake\Controller\Controller::render() - CORE\src\Controller\Controller.php, line 611
Cake\Routing\Dispatcher::_invoke() - CORE\src\Routing\Dispatcher.php, line 120
Cake\Routing\Dispatcher::dispatch() - CORE\src\Routing\Dispatcher.php, line 87
[main] - ROOT\webroot\index.php, line 37



2015-12-04 18:52:38 Notice: Notice (8): Trying to get property of non-object in [C:\xampp\htdocs\cake\src\Template\Articles\index.ctp, line 19]
Trace:
Cake\Error\BaseErrorHandler::handleError() - CORE\src\Error\BaseErrorHandler.php, line 138
include - APP/Template\Articles\index.ctp, line 19
Cake\View\View::_evaluate() - CORE\src\View\View.php, line 970
Cake\View\View::_render() - CORE\src\View\View.php, line 930
Cake\View\View::render() - CORE\src\View\View.php, line 578
Cake\Controller\Controller::render() - CORE\src\Controller\Controller.php, line 611
Cake\Routing\Dispatcher::_invoke() - CORE\src\Routing\Dispatcher.php, line 120
Cake\Routing\Dispatcher::dispatch() - CORE\src\Routing\Dispatcher.php, line 87
[main] - ROOT\webroot\index.php, line 37



2015-12-04 19:02:09 Notice: Notice (8): Trying to get property of non-object in [C:\xampp\htdocs\cake\src\Template\Articles\index.ctp, line 19]
Trace:
Cake\Error\BaseErrorHandler::handleError() - CORE\src\Error\BaseErrorHandler.php, line 138
include - APP/Template\Articles\index.ctp, line 19
Cake\View\View::_evaluate() - CORE\src\View\View.php, line 970
Cake\View\View::_render() - CORE\src\View\View.php, line 930
Cake\View\View::render() - CORE\src\View\View.php, line 578
Cake\Controller\Controller::render() - CORE\src\Controller\Controller.php, line 611
Cake\Routing\Dispatcher::_invoke() - CORE\src\Routing\Dispatcher.php, line 120
Cake\Routing\Dispatcher::dispatch() - CORE\src\Routing\Dispatcher.php, line 87
[main] - ROOT\webroot\index.php, line 37



2015-12-04 19:03:08 Notice: Notice (8): Trying to get property of non-object in [C:\xampp\htdocs\cake\src\Template\Articles\index.ctp, line 19]
Trace:
Cake\Error\BaseErrorHandler::handleError() - CORE\src\Error\BaseErrorHandler.php, line 138
include - APP/Template\Articles\index.ctp, line 19
Cake\View\View::_evaluate() - CORE\src\View\View.php, line 970
Cake\View\View::_render() - CORE\src\View\View.php, line 930
Cake\View\View::render() - CORE\src\View\View.php, line 578
Cake\Controller\Controller::render() - CORE\src\Controller\Controller.php, line 611
Cake\Routing\Dispatcher::_invoke() - CORE\src\Routing\Dispatcher.php, line 120
Cake\Routing\Dispatcher::dispatch() - CORE\src\Routing\Dispatcher.php, line 87
[main] - ROOT\webroot\index.php, line 37



2015-12-04 19:06:47 Notice: Notice (8): Trying to get property of non-object in [C:\xampp\htdocs\cake\src\Template\Articles\index.ctp, line 19]
Trace:
Cake\Error\BaseErrorHandler::handleError() - CORE\src\Error\BaseErrorHandler.php, line 138
include - APP/Template\Articles\index.ctp, line 19
Cake\View\View::_evaluate() - CORE\src\View\View.php, line 970
Cake\View\View::_render() - CORE\src\View\View.php, line 930
Cake\View\View::render() - CORE\src\View\View.php, line 578
Cake\Controller\Controller::render() - CORE\src\Controller\Controller.php, line 611
Cake\Routing\Dispatcher::_invoke() - CORE\src\Routing\Dispatcher.php, line 120
Cake\Routing\Dispatcher::dispatch() - CORE\src\Routing\Dispatcher.php, line 87
[main] - ROOT\webroot\index.php, line 37



2015-12-04 19:07:03 Notice: Notice (8): Trying to get property of non-object in [C:\xampp\htdocs\cake\src\Template\Articles\index.ctp, line 19]
Trace:
Cake\Error\BaseErrorHandler::handleError() - CORE\src\Error\BaseErrorHandler.php, line 138
include - APP/Template\Articles\index.ctp, line 19
Cake\View\View::_evaluate() - CORE\src\View\View.php, line 970
Cake\View\View::_render() - CORE\src\View\View.php, line 930
Cake\View\View::render() - CORE\src\View\View.php, line 578
Cake\Controller\Controller::render() - CORE\src\Controller\Controller.php, line 611
Cake\Routing\Dispatcher::_invoke() - CORE\src\Routing\Dispatcher.php, line 120
Cake\Routing\Dispatcher::dispatch() - CORE\src\Routing\Dispatcher.php, line 87
[main] - ROOT\webroot\index.php, line 37



2015-12-04 19:07:16 Notice: Notice (8): Trying to get property of non-object in [C:\xampp\htdocs\cake\src\Template\Articles\index.ctp, line 19]
Trace:
Cake\Error\BaseErrorHandler::handleError() - CORE\src\Error\BaseErrorHandler.php, line 138
include - APP/Template\Articles\index.ctp, line 19
Cake\View\View::_evaluate() - CORE\src\View\View.php, line 970
Cake\View\View::_render() - CORE\src\View\View.php, line 930
Cake\View\View::render() - CORE\src\View\View.php, line 578
Cake\Controller\Controller::render() - CORE\src\Controller\Controller.php, line 611
Cake\Routing\Dispatcher::_invoke() - CORE\src\Routing\Dispatcher.php, line 120
Cake\Routing\Dispatcher::dispatch() - CORE\src\Routing\Dispatcher.php, line 87
[main] - ROOT\webroot\index.php, line 37



2015-12-04 19:13:00 Notice: Notice (8): Trying to get property of non-object in [C:\xampp\htdocs\cake\src\Template\Articles\index.ctp, line 19]
Trace:
Cake\Error\BaseErrorHandler::handleError() - CORE\src\Error\BaseErrorHandler.php, line 138
include - APP/Template\Articles\index.ctp, line 19
Cake\View\View::_evaluate() - CORE\src\View\View.php, line 970
Cake\View\View::_render() - CORE\src\View\View.php, line 930
Cake\View\View::render() - CORE\src\View\View.php, line 578
Cake\Controller\Controller::render() - CORE\src\Controller\Controller.php, line 611
Cake\Routing\Dispatcher::_invoke() - CORE\src\Routing\Dispatcher.php, line 120
Cake\Routing\Dispatcher::dispatch() - CORE\src\Routing\Dispatcher.php, line 87
[main] - ROOT\webroot\index.php, line 37



2015-12-04 19:13:01 Notice: Notice (8): Trying to get property of non-object in [C:\xampp\htdocs\cake\src\Template\Articles\index.ctp, line 19]
Trace:
Cake\Error\BaseErrorHandler::handleError() - CORE\src\Error\BaseErrorHandler.php, line 138
include - APP/Template\Articles\index.ctp, line 19
Cake\View\View::_evaluate() - CORE\src\View\View.php, line 970
Cake\View\View::_render() - CORE\src\View\View.php, line 930
Cake\View\View::render() - CORE\src\View\View.php, line 578
Cake\Controller\Controller::render() - CORE\src\Controller\Controller.php, line 611
Cake\Routing\Dispatcher::_invoke() - CORE\src\Routing\Dispatcher.php, line 120
Cake\Routing\Dispatcher::dispatch() - CORE\src\Routing\Dispatcher.php, line 87
[main] - ROOT\webroot\index.php, line 37



2015-12-04 19:13:18 Notice: Notice (8): Trying to get property of non-object in [C:\xampp\htdocs\cake\src\Template\Articles\index.ctp, line 19]
Trace:
Cake\Error\BaseErrorHandler::handleError() - CORE\src\Error\BaseErrorHandler.php, line 138
include - APP/Template\Articles\index.ctp, line 19
Cake\View\View::_evaluate() - CORE\src\View\View.php, line 970
Cake\View\View::_render() - CORE\src\View\View.php, line 930
Cake\View\View::render() - CORE\src\View\View.php, line 578
Cake\Controller\Controller::render() - CORE\src\Controller\Controller.php, line 611
Cake\Routing\Dispatcher::_invoke() - CORE\src\Routing\Dispatcher.php, line 120
Cake\Routing\Dispatcher::dispatch() - CORE\src\Routing\Dispatcher.php, line 87
[main] - ROOT\webroot\index.php, line 37



2015-12-04 19:13:20 Notice: Notice (8): Trying to get property of non-object in [C:\xampp\htdocs\cake\src\Template\Articles\index.ctp, line 19]
Trace:
Cake\Error\BaseErrorHandler::handleError() - CORE\src\Error\BaseErrorHandler.php, line 138
include - APP/Template\Articles\index.ctp, line 19
Cake\View\View::_evaluate() - CORE\src\View\View.php, line 970
Cake\View\View::_render() - CORE\src\View\View.php, line 930
Cake\View\View::render() - CORE\src\View\View.php, line 578
Cake\Controller\Controller::render() - CORE\src\Controller\Controller.php, line 611
Cake\Routing\Dispatcher::_invoke() - CORE\src\Routing\Dispatcher.php, line 120
Cake\Routing\Dispatcher::dispatch() - CORE\src\Routing\Dispatcher.php, line 87
[main] - ROOT\webroot\index.php, line 37



2015-12-04 19:13:44 Notice: Notice (8): Trying to get property of non-object in [C:\xampp\htdocs\cake\src\Template\Articles\index.ctp, line 19]
Trace:
Cake\Error\BaseErrorHandler::handleError() - CORE\src\Error\BaseErrorHandler.php, line 138
include - APP/Template\Articles\index.ctp, line 19
Cake\View\View::_evaluate() - CORE\src\View\View.php, line 970
Cake\View\View::_render() - CORE\src\View\View.php, line 930
Cake\View\View::render() - CORE\src\View\View.php, line 578
Cake\Controller\Controller::render() - CORE\src\Controller\Controller.php, line 611
Cake\Routing\Dispatcher::_invoke() - CORE\src\Routing\Dispatcher.php, line 120
Cake\Routing\Dispatcher::dispatch() - CORE\src\Routing\Dispatcher.php, line 87
[main] - ROOT\webroot\index.php, line 37



2015-12-04 19:15:02 Notice: Notice (8): Trying to get property of non-object in [C:\xampp\htdocs\cake\src\Template\Articles\index.ctp, line 19]
Trace:
Cake\Error\BaseErrorHandler::handleError() - CORE\src\Error\BaseErrorHandler.php, line 138
include - APP/Template\Articles\index.ctp, line 19
Cake\View\View::_evaluate() - CORE\src\View\View.php, line 970
Cake\View\View::_render() - CORE\src\View\View.php, line 930
Cake\View\View::render() - CORE\src\View\View.php, line 578
Cake\Controller\Controller::render() - CORE\src\Controller\Controller.php, line 611
Cake\Routing\Dispatcher::_invoke() - CORE\src\Routing\Dispatcher.php, line 120
Cake\Routing\Dispatcher::dispatch() - CORE\src\Routing\Dispatcher.php, line 87
[main] - ROOT\webroot\index.php, line 37



2015-12-04 19:20:53 Notice: Notice (8): Trying to get property of non-object in [C:\xampp\htdocs\cake\src\Template\Articles\index.ctp, line 19]
Trace:
Cake\Error\BaseErrorHandler::handleError() - CORE\src\Error\BaseErrorHandler.php, line 138
include - APP/Template\Articles\index.ctp, line 19
Cake\View\View::_evaluate() - CORE\src\View\View.php, line 970
Cake\View\View::_render() - CORE\src\View\View.php, line 930
Cake\View\View::render() - CORE\src\View\View.php, line 578
Cake\Controller\Controller::render() - CORE\src\Controller\Controller.php, line 611
Cake\Routing\Dispatcher::_invoke() - CORE\src\Routing\Dispatcher.php, line 120
Cake\Routing\Dispatcher::dispatch() - CORE\src\Routing\Dispatcher.php, line 87
[main] - ROOT\webroot\index.php, line 37



2015-12-04 19:20:56 Notice: Notice (8): Undefined variable: article in [C:\xampp\htdocs\cake\src\Template\Articles\comment.ctp, line 3]
Trace:
Cake\Error\BaseErrorHandler::handleError() - CORE\src\Error\BaseErrorHandler.php, line 138
include - APP/Template\Articles\comment.ctp, line 3
Cake\View\View::_evaluate() - CORE\src\View\View.php, line 970
Cake\View\View::_render() - CORE\src\View\View.php, line 930
Cake\View\View::render() - CORE\src\View\View.php, line 578
Cake\Controller\Controller::render() - CORE\src\Controller\Controller.php, line 611
Cake\Routing\Dispatcher::_invoke() - CORE\src\Routing\Dispatcher.php, line 120
Cake\Routing\Dispatcher::dispatch() - CORE\src\Routing\Dispatcher.php, line 87
[main] - ROOT\webroot\index.php, line 37



2015-12-04 19:24:29 Notice: Notice (8): Trying to get property of non-object in [C:\xampp\htdocs\cake\src\Template\Articles\index.ctp, line 19]
Trace:
Cake\Error\BaseErrorHandler::handleError() - CORE\src\Error\BaseErrorHandler.php, line 138
include - APP/Template\Articles\index.ctp, line 19
Cake\View\View::_evaluate() - CORE\src\View\View.php, line 970
Cake\View\View::_render() - CORE\src\View\View.php, line 930
Cake\View\View::render() - CORE\src\View\View.php, line 578
Cake\Controller\Controller::render() - CORE\src\Controller\Controller.php, line 611
Cake\Routing\Dispatcher::_invoke() - CORE\src\Routing\Dispatcher.php, line 120
Cake\Routing\Dispatcher::dispatch() - CORE\src\Routing\Dispatcher.php, line 87
[main] - ROOT\webroot\index.php, line 37



2015-12-04 19:24:31 Notice: Notice (8): Undefined variable: article in [C:\xampp\htdocs\cake\src\Template\Articles\comment.ctp, line 3]
Trace:
Cake\Error\BaseErrorHandler::handleError() - CORE\src\Error\BaseErrorHandler.php, line 138
include - APP/Template\Articles\comment.ctp, line 3
Cake\View\View::_evaluate() - CORE\src\View\View.php, line 970
Cake\View\View::_render() - CORE\src\View\View.php, line 930
Cake\View\View::render() - CORE\src\View\View.php, line 578
Cake\Controller\Controller::render() - CORE\src\Controller\Controller.php, line 611
Cake\Routing\Dispatcher::_invoke() - CORE\src\Routing\Dispatcher.php, line 120
Cake\Routing\Dispatcher::dispatch() - CORE\src\Routing\Dispatcher.php, line 87
[main] - ROOT\webroot\index.php, line 37



2015-12-04 19:30:18 Notice: Notice (8): Trying to get property of non-object in [C:\xampp\htdocs\cake\src\Template\Articles\index.ctp, line 19]
Trace:
Cake\Error\BaseErrorHandler::handleError() - CORE\src\Error\BaseErrorHandler.php, line 138
include - APP/Template\Articles\index.ctp, line 19
Cake\View\View::_evaluate() - CORE\src\View\View.php, line 970
Cake\View\View::_render() - CORE\src\View\View.php, line 930
Cake\View\View::render() - CORE\src\View\View.php, line 578
Cake\Controller\Controller::render() - CORE\src\Controller\Controller.php, line 611
Cake\Routing\Dispatcher::_invoke() - CORE\src\Routing\Dispatcher.php, line 120
Cake\Routing\Dispatcher::dispatch() - CORE\src\Routing\Dispatcher.php, line 87
[main] - ROOT\webroot\index.php, line 37



2015-12-04 19:34:37 Notice: Notice (8): Undefined variable: article in [C:\xampp\htdocs\cake\src\Template\Articles\comment.ctp, line 3]
Trace:
Cake\Error\BaseErrorHandler::handleError() - CORE\src\Error\BaseErrorHandler.php, line 138
include - APP/Template\Articles\comment.ctp, line 3
Cake\View\View::_evaluate() - CORE\src\View\View.php, line 970
Cake\View\View::_render() - CORE\src\View\View.php, line 930
Cake\View\View::render() - CORE\src\View\View.php, line 578
Cake\Controller\Controller::render() - CORE\src\Controller\Controller.php, line 611
Cake\Routing\Dispatcher::_invoke() - CORE\src\Routing\Dispatcher.php, line 120
Cake\Routing\Dispatcher::dispatch() - CORE\src\Routing\Dispatcher.php, line 87
[main] - ROOT\webroot\index.php, line 37



2015-12-04 19:35:06 Notice: Notice (8): Undefined variable: article in [C:\xampp\htdocs\cake\src\Template\Articles\comment.ctp, line 3]
Trace:
Cake\Error\BaseErrorHandler::handleError() - CORE\src\Error\BaseErrorHandler.php, line 138
include - APP/Template\Articles\comment.ctp, line 3
Cake\View\View::_evaluate() - CORE\src\View\View.php, line 970
Cake\View\View::_render() - CORE\src\View\View.php, line 930
Cake\View\View::render() - CORE\src\View\View.php, line 578
Cake\Controller\Controller::render() - CORE\src\Controller\Controller.php, line 611
Cake\Routing\Dispatcher::_invoke() - CORE\src\Routing\Dispatcher.php, line 120
Cake\Routing\Dispatcher::dispatch() - CORE\src\Routing\Dispatcher.php, line 87
[main] - ROOT\webroot\index.php, line 37



2015-12-04 19:39:51 Notice: Notice (8): Trying to get property of non-object in [C:\xampp\htdocs\cake\src\Template\Articles\index.ctp, line 19]
Trace:
Cake\Error\BaseErrorHandler::handleError() - CORE\src\Error\BaseErrorHandler.php, line 138
include - APP/Template\Articles\index.ctp, line 19
Cake\View\View::_evaluate() - CORE\src\View\View.php, line 970
Cake\View\View::_render() - CORE\src\View\View.php, line 930
Cake\View\View::render() - CORE\src\View\View.php, line 578
Cake\Controller\Controller::render() - CORE\src\Controller\Controller.php, line 611
Cake\Routing\Dispatcher::_invoke() - CORE\src\Routing\Dispatcher.php, line 120
Cake\Routing\Dispatcher::dispatch() - CORE\src\Routing\Dispatcher.php, line 87
[main] - ROOT\webroot\index.php, line 37



2015-12-04 20:46:17 Notice: Notice (8): Trying to get property of non-object in [C:\xampp\htdocs\cake\src\Template\Articles\index.ctp, line 19]
Trace:
Cake\Error\BaseErrorHandler::handleError() - CORE\src\Error\BaseErrorHandler.php, line 138
include - APP/Template\Articles\index.ctp, line 19
Cake\View\View::_evaluate() - CORE\src\View\View.php, line 970
Cake\View\View::_render() - CORE\src\View\View.php, line 930
Cake\View\View::render() - CORE\src\View\View.php, line 578
Cake\Controller\Controller::render() - CORE\src\Controller\Controller.php, line 611
Cake\Routing\Dispatcher::_invoke() - CORE\src\Routing\Dispatcher.php, line 120
Cake\Routing\Dispatcher::dispatch() - CORE\src\Routing\Dispatcher.php, line 87
[main] - ROOT\webroot\index.php, line 37



